{"/home/vander/Desktop/git_da-mi_FRONT/app/src/components/Login/Login.js": {"path":"/home/vander/Desktop/git_da-mi_FRONT/app/src/components/Login/Login.js","statementMap":{"0":{"start":{"line":10,"column":19},"end":{"line":19,"column":1}},"1":{"start":{"line":11,"column":2},"end":{"line":18,"column":14}},"2":{"start":{"line":23,"column":4},"end":{"line":23,"column":17}},"3":{"start":{"line":25,"column":4},"end":{"line":28,"column":6}},"4":{"start":{"line":31,"column":30},"end":{"line":33,"column":3}},"5":{"start":{"line":32,"column":4},"end":{"line":32,"column":49}},"6":{"start":{"line":36,"column":4},"end":{"line":36,"column":23}},"7":{"start":{"line":37,"column":4},"end":{"line":37,"column":72}},"8":{"start":{"line":41,"column":4},"end":{"line":71,"column":6}},"9":{"start":{"line":45,"column":12},"end":{"line":53,"column":14}},"10":{"start":{"line":75,"column":24},"end":{"line":78,"column":2}},"11":{"start":{"line":75,"column":34},"end":{"line":78,"column":1}},"12":{"start":{"line":80,"column":27},"end":{"line":82,"column":2}},"13":{"start":{"line":80,"column":40},"end":{"line":82,"column":1}}},"fnMap":{"0":{"name":"(anonymous_0)","decl":{"start":{"line":10,"column":19},"end":{"line":10,"column":20}},"loc":{"start":{"line":11,"column":2},"end":{"line":18,"column":14}},"line":11},"1":{"name":"(anonymous_1)","decl":{"start":{"line":22,"column":2},"end":{"line":22,"column":3}},"loc":{"start":{"line":22,"column":22},"end":{"line":29,"column":3}},"line":22},"2":{"name":"(anonymous_2)","decl":{"start":{"line":31,"column":17},"end":{"line":31,"column":18}},"loc":{"start":{"line":31,"column":30},"end":{"line":33,"column":3}},"line":31},"3":{"name":"(anonymous_3)","decl":{"start":{"line":31,"column":30},"end":{"line":31,"column":31}},"loc":{"start":{"line":31,"column":35},"end":{"line":33,"column":3}},"line":31},"4":{"name":"(anonymous_4)","decl":{"start":{"line":35,"column":17},"end":{"line":35,"column":18}},"loc":{"start":{"line":35,"column":22},"end":{"line":38,"column":3}},"line":35},"5":{"name":"(anonymous_5)","decl":{"start":{"line":40,"column":2},"end":{"line":40,"column":3}},"loc":{"start":{"line":40,"column":12},"end":{"line":72,"column":3}},"line":40},"6":{"name":"(anonymous_6)","decl":{"start":{"line":44,"column":37},"end":{"line":44,"column":38}},"loc":{"start":{"line":45,"column":12},"end":{"line":53,"column":14}},"line":45},"7":{"name":"(anonymous_7)","decl":{"start":{"line":75,"column":24},"end":{"line":75,"column":25}},"loc":{"start":{"line":75,"column":34},"end":{"line":78,"column":1}},"line":75},"8":{"name":"(anonymous_8)","decl":{"start":{"line":80,"column":27},"end":{"line":80,"column":28}},"loc":{"start":{"line":80,"column":40},"end":{"line":82,"column":1}},"line":80}},"branchMap":{"0":{"loc":{"start":{"line":60,"column":15},"end":{"line":61,"column":67}},"type":"binary-expr","locations":[{"start":{"line":60,"column":15},"end":{"line":60,"column":35}},{"start":{"line":61,"column":16},"end":{"line":61,"column":67}}],"line":60}},"s":{"0":1,"1":6,"2":1,"3":1,"4":6,"5":2,"6":1,"7":1,"8":3,"9":6,"10":1,"11":0,"12":1,"13":0},"f":{"0":6,"1":1,"2":6,"3":2,"4":1,"5":3,"6":6,"7":0,"8":0},"b":{"0":[3,0]},"_coverageSchema":"332fd63041d2c1bcb487cc26dd0d5f7d97098a6c","hash":"fc68b048fbc64855d52ccc9585b4b36cc7656886"}
,"/home/vander/Desktop/git_da-mi_FRONT/app/src/helper/constants.js": {"path":"/home/vander/Desktop/git_da-mi_FRONT/app/src/helper/constants.js","statementMap":{"0":{"start":{"line":1,"column":12},"end":{"line":4,"column":1}},"1":{"start":{"line":6,"column":0},"end":{"line":6,"column":30}}},"fnMap":{},"branchMap":{},"s":{"0":3,"1":3},"f":{},"b":{},"_coverageSchema":"332fd63041d2c1bcb487cc26dd0d5f7d97098a6c","hash":"6f98caa6ff0624cf2a6ebcc6c2983573aebfb719"}
,"/home/vander/Desktop/git_da-mi_FRONT/app/src/helper/request.js": {"path":"/home/vander/Desktop/git_da-mi_FRONT/app/src/helper/request.js","statementMap":{"0":{"start":{"line":2,"column":19},"end":{"line":2,"column":29}},"1":{"start":{"line":4,"column":16},"end":{"line":9,"column":1}},"2":{"start":{"line":5,"column":16},"end":{"line":5,"column":47}},"3":{"start":{"line":6,"column":17},"end":{"line":6,"column":33}},"4":{"start":{"line":8,"column":2},"end":{"line":8,"column":39}}},"fnMap":{"0":{"name":"(anonymous_0)","decl":{"start":{"line":4,"column":16},"end":{"line":4,"column":17}},"loc":{"start":{"line":4,"column":22},"end":{"line":9,"column":1}},"line":4}},"branchMap":{},"s":{"0":3,"1":3,"2":1,"3":1,"4":1},"f":{"0":1},"b":{},"_coverageSchema":"332fd63041d2c1bcb487cc26dd0d5f7d97098a6c","hash":"e45cf2cd4867f79799df1c7cc434c8cde2c952bc"}
,"/home/vander/Desktop/git_da-mi_FRONT/app/src/redux/login.js": {"path":"/home/vander/Desktop/git_da-mi_FRONT/app/src/redux/login.js","statementMap":{"0":{"start":{"line":5,"column":27},"end":{"line":5,"column":47}},"1":{"start":{"line":6,"column":27},"end":{"line":6,"column":47}},"2":{"start":{"line":7,"column":20},"end":{"line":7,"column":33}},"3":{"start":{"line":8,"column":27},"end":{"line":8,"column":47}},"4":{"start":{"line":9,"column":20},"end":{"line":9,"column":33}},"5":{"start":{"line":12,"column":2},"end":{"line":38,"column":3}},"6":{"start":{"line":14,"column":6},"end":{"line":18,"column":8}},"7":{"start":{"line":20,"column":6},"end":{"line":25,"column":8}},"8":{"start":{"line":27,"column":6},"end":{"line":30,"column":8}},"9":{"start":{"line":32,"column":6},"end":{"line":35,"column":8}},"10":{"start":{"line":37,"column":6},"end":{"line":37,"column":19}},"11":{"start":{"line":42,"column":2},"end":{"line":42,"column":41}},"12":{"start":{"line":43,"column":2},"end":{"line":43,"column":43}},"13":{"start":{"line":44,"column":2},"end":{"line":44,"column":33}},"14":{"start":{"line":45,"column":2},"end":{"line":48,"column":4}},"15":{"start":{"line":52,"column":2},"end":{"line":55,"column":4}},"16":{"start":{"line":59,"column":2},"end":{"line":61,"column":4}},"17":{"start":{"line":65,"column":2},"end":{"line":68,"column":4}},"18":{"start":{"line":72,"column":2},"end":{"line":72,"column":25}},"19":{"start":{"line":73,"column":2},"end":{"line":73,"column":27}},"20":{"start":{"line":74,"column":2},"end":{"line":76,"column":4}},"21":{"start":{"line":80,"column":15},"end":{"line":80,"column":32}},"22":{"start":{"line":83,"column":2},"end":{"line":94,"column":4}},"23":{"start":{"line":84,"column":4},"end":{"line":84,"column":33}},"24":{"start":{"line":85,"column":4},"end":{"line":93,"column":9}},"25":{"start":{"line":89,"column":8},"end":{"line":92,"column":56}}},"fnMap":{"0":{"name":"loginReduser","decl":{"start":{"line":11,"column":24},"end":{"line":11,"column":36}},"loc":{"start":{"line":11,"column":57},"end":{"line":39,"column":1}},"line":11},"1":{"name":"loginUserSuccess","decl":{"start":{"line":41,"column":16},"end":{"line":41,"column":32}},"loc":{"start":{"line":41,"column":48},"end":{"line":49,"column":1}},"line":41},"2":{"name":"loginUserFailure","decl":{"start":{"line":51,"column":16},"end":{"line":51,"column":32}},"loc":{"start":{"line":51,"column":42},"end":{"line":56,"column":1}},"line":51},"3":{"name":"loginUserRequest","decl":{"start":{"line":58,"column":16},"end":{"line":58,"column":32}},"loc":{"start":{"line":58,"column":35},"end":{"line":62,"column":1}},"line":58},"4":{"name":"checkToken","decl":{"start":{"line":64,"column":16},"end":{"line":64,"column":26}},"loc":{"start":{"line":64,"column":29},"end":{"line":69,"column":1}},"line":64},"5":{"name":"logout","decl":{"start":{"line":71,"column":16},"end":{"line":71,"column":22}},"loc":{"start":{"line":71,"column":25},"end":{"line":77,"column":1}},"line":71},"6":{"name":"loginUser","decl":{"start":{"line":79,"column":16},"end":{"line":79,"column":25}},"loc":{"start":{"line":79,"column":43},"end":{"line":95,"column":1}},"line":79},"7":{"name":"(anonymous_7)","decl":{"start":{"line":83,"column":9},"end":{"line":83,"column":10}},"loc":{"start":{"line":83,"column":21},"end":{"line":94,"column":3}},"line":83},"8":{"name":"(anonymous_8)","decl":{"start":{"line":88,"column":11},"end":{"line":88,"column":12}},"loc":{"start":{"line":88,"column":25},"end":{"line":93,"column":7}},"line":88}},"branchMap":{"0":{"loc":{"start":{"line":11,"column":37},"end":{"line":11,"column":47}},"type":"default-arg","locations":[{"start":{"line":11,"column":45},"end":{"line":11,"column":47}}],"line":11},"1":{"loc":{"start":{"line":12,"column":2},"end":{"line":38,"column":3}},"type":"switch","locations":[{"start":{"line":13,"column":4},"end":{"line":18,"column":8}},{"start":{"line":19,"column":4},"end":{"line":25,"column":8}},{"start":{"line":26,"column":4},"end":{"line":30,"column":8}},{"start":{"line":31,"column":4},"end":{"line":35,"column":8}},{"start":{"line":36,"column":4},"end":{"line":37,"column":19}}],"line":12},"2":{"loc":{"start":{"line":89,"column":8},"end":{"line":92,"column":55}},"type":"binary-expr","locations":[{"start":{"line":89,"column":9},"end":{"line":89,"column":12}},{"start":{"line":89,"column":16},"end":{"line":89,"column":23}},{"start":{"line":90,"column":10},"end":{"line":90,"column":46}},{"start":{"line":91,"column":13},"end":{"line":91,"column":60}},{"start":{"line":92,"column":14},"end":{"line":92,"column":55}}],"line":89}},"s":{"0":3,"1":3,"2":3,"3":3,"4":3,"5":5,"6":1,"7":1,"8":1,"9":1,"10":1,"11":3,"12":3,"13":3,"14":3,"15":1,"16":2,"17":1,"18":1,"19":1,"20":1,"21":2,"22":2,"23":1,"24":1,"25":0},"f":{"0":5,"1":3,"2":1,"3":2,"4":1,"5":1,"6":2,"7":1,"8":0},"b":{"0":[0],"1":[1,1,1,1,1],"2":[0,0,0,0,0]},"_coverageSchema":"332fd63041d2c1bcb487cc26dd0d5f7d97098a6c","hash":"7509bf661a760ce31a3dbf9891aa9cf1ee059e9e"}
}
