TN:
SF:/home/vander/Desktop/git_da-mi_FRONT/app/src/components/Login/Login.js
FN:10,(anonymous_0)
FN:22,(anonymous_1)
FN:31,(anonymous_2)
FN:31,(anonymous_3)
FN:35,(anonymous_4)
FN:40,(anonymous_5)
FN:44,(anonymous_6)
FN:75,(anonymous_7)
FN:80,(anonymous_8)
FNF:9
FNH:7
FNDA:6,(anonymous_0)
FNDA:1,(anonymous_1)
FNDA:6,(anonymous_2)
FNDA:2,(anonymous_3)
FNDA:1,(anonymous_4)
FNDA:3,(anonymous_5)
FNDA:6,(anonymous_6)
FNDA:0,(anonymous_7)
FNDA:0,(anonymous_8)
DA:10,1
DA:11,6
DA:23,1
DA:25,1
DA:31,6
DA:32,2
DA:36,1
DA:37,1
DA:41,3
DA:45,6
DA:75,1
DA:80,1
LF:12
LH:12
BRDA:60,0,0,3
BRDA:60,0,1,0
BRF:2
BRH:1
end_of_record
TN:
SF:/home/vander/Desktop/git_da-mi_FRONT/app/src/helper/constants.js
FNF:0
FNH:0
DA:1,3
DA:6,3
LF:2
LH:2
BRF:0
BRH:0
end_of_record
TN:
SF:/home/vander/Desktop/git_da-mi_FRONT/app/src/helper/request.js
FN:4,(anonymous_0)
FNF:1
FNH:1
FNDA:1,(anonymous_0)
DA:2,3
DA:4,3
DA:5,1
DA:6,1
DA:8,1
LF:5
LH:5
BRF:0
BRH:0
end_of_record
TN:
SF:/home/vander/Desktop/git_da-mi_FRONT/app/src/redux/login.js
FN:11,loginReduser
FN:41,loginUserSuccess
FN:51,loginUserFailure
FN:58,loginUserRequest
FN:64,checkToken
FN:71,logout
FN:79,loginUser
FN:83,(anonymous_7)
FN:88,(anonymous_8)
FNF:9
FNH:8
FNDA:5,loginReduser
FNDA:3,loginUserSuccess
FNDA:1,loginUserFailure
FNDA:2,loginUserRequest
FNDA:1,checkToken
FNDA:1,logout
FNDA:2,loginUser
FNDA:1,(anonymous_7)
FNDA:0,(anonymous_8)
DA:5,3
DA:6,3
DA:7,3
DA:8,3
DA:9,3
DA:12,5
DA:14,1
DA:20,1
DA:27,1
DA:32,1
DA:37,1
DA:42,3
DA:43,3
DA:44,3
DA:45,3
DA:52,1
DA:59,2
DA:65,1
DA:72,1
DA:73,1
DA:74,1
DA:80,2
DA:83,2
DA:84,1
DA:85,1
DA:89,0
LF:26
LH:25
BRDA:11,0,0,0
BRDA:12,1,0,1
BRDA:12,1,1,1
BRDA:12,1,2,1
BRDA:12,1,3,1
BRDA:12,1,4,1
BRDA:89,2,0,0
BRDA:89,2,1,0
BRDA:89,2,2,0
BRDA:89,2,3,0
BRDA:89,2,4,0
BRF:11
BRH:5
end_of_record
